Using pre-set license
Built from '2020.2/staging' branch; Version is '2020.2.3f1 (8ff31bc5bf5b) revision 9433883'; Using compiler version '192528614'; Build Type 'Release'
OS: 'Windows 10 Home; OS build 19042.928; Version 2009; 64bit' Language: 'en' Physical Memory: 32698 MB
BatchMode: 1, IsHumanControllingUs: 0, StartBugReporterOnCrash: 0, Is64bit: 1, IsPro: 0

 COMMAND LINE ARGUMENTS:
D:\Unity Hub\Unity Editors\2020.2.3f1\Editor\Unity.exe
-adb2
-batchMode
-noUpm
-name
AssetImportWorker0
-projectPath
D:/Unity Hub/REPOSITORIES/First_Game/Unity_First_Game
-logFile
Logs/AssetImportWorker0.log
-srvPort
57286
Successfully changed project path to: D:/Unity Hub/REPOSITORIES/First_Game/Unity_First_Game
D:/Unity Hub/REPOSITORIES/First_Game/Unity_First_Game
Using Asset Import Pipeline V2.
Refreshing native plugins compatible for Editor in 64.59 ms, found 1 plugins.
Preloading 0 native plugins for Editor in 0.00 ms.
Initialize engine version: 2020.2.3f1 (8ff31bc5bf5b)
[Subsystems] Discovering subsystems at path D:/Unity Hub/Unity Editors/2020.2.3f1/Editor/Data/Resources/UnitySubsystems
[Subsystems] Discovering subsystems at path D:/Unity Hub/REPOSITORIES/First_Game/Unity_First_Game/Assets
GfxDevice: creating device client; threaded=0
Direct3D:
    Version:  Direct3D 11.0 [level 11.1]
    Renderer: NVIDIA GeForce GTX 1080 Ti (ID=0x1b06)
    Vendor:   
    VRAM:     11127 MB
    Driver:   27.21.14.6192
Initialize mono
Mono path[0] = 'D:/Unity Hub/Unity Editors/2020.2.3f1/Editor/Data/Managed'
Mono path[1] = 'D:/Unity Hub/Unity Editors/2020.2.3f1/Editor/Data/MonoBleedingEdge/lib/mono/unityjit'
Mono config path = 'D:/Unity Hub/Unity Editors/2020.2.3f1/Editor/Data/MonoBleedingEdge/etc'
Using monoOptions --debugger-agent=transport=dt_socket,embedding=1,server=y,suspend=n,address=127.0.0.1:56372
Begin MonoManager ReloadAssembly
Registering precompiled unity dll's ...
Register platform support module: D:/Unity Hub/Unity Editors/2020.2.3f1/Editor/Data/PlaybackEngines/WebGLSupport/UnityEditor.WebGL.Extensions.dll
Register platform support module: D:/Unity Hub/Unity Editors/2020.2.3f1/Editor/Data/PlaybackEngines/WindowsStandaloneSupport/UnityEditor.WindowsStandalone.Extensions.dll
Registered in 0.002402 seconds.
Native extension for WindowsStandalone target not found
Native extension for WebGL target not found
Refreshing native plugins compatible for Editor in 79.56 ms, found 1 plugins.
Preloading 0 native plugins for Editor in 0.00 ms.
Invoked RoslynAnalysisRunner static constructor.
RoslynAnalysisRunner will not be running.
RoslynAnalysisRunner has terminated.
Mono: successfully reloaded assembly
- Completed reload, in  3.707 seconds
Platform modules already initialized, skipping
Registering precompiled user dll's ...
Registered in 0.000826 seconds.
Begin MonoManager ReloadAssembly
Native extension for WindowsStandalone target not found
Native extension for WebGL target not found
Refreshing native plugins compatible for Editor in 44.67 ms, found 1 plugins.
Preloading 0 native plugins for Editor in 0.00 ms.
Invoked RoslynAnalysisRunner static constructor.
RoslynAnalysisRunner will not be running.
RoslynAnalysisRunner has terminated.
Mono: successfully reloaded assembly
- Completed reload, in  1.158 seconds
Platform modules already initialized, skipping
========================================================================
Worker process is ready to serve import requests
Launched and connected shader compiler UnityShaderCompiler.exe after 0.07 seconds
Refreshing native plugins compatible for Editor in 0.66 ms, found 1 plugins.
Preloading 0 native plugins for Editor in 0.00 ms.
Unloading 2241 Unused Serialized files (Serialized files now loaded: 0)
System memory in use before: 100.0 MB.
System memory in use after: 100.1 MB.

Unloading 22 unused Assets to reduce memory usage. Loaded Objects now: 2689.
Total: 4.785600 ms (FindLiveObjects: 0.648800 ms CreateObjectMapping: 0.210900 ms MarkObjects: 3.831900 ms  DeleteObjects: 0.092200 ms)

========================================================================
Received Import Request.
  path: Assets/Scripts/GameManager
  artifactKey: Guid(669bca7c0af3e624693a521b451a9699) Importer(815301076,1909f56bfc062723c751e8b465ee728b)
Start importing Assets/Scripts/GameManager using Guid(669bca7c0af3e624693a521b451a9699) Importer(815301076,1909f56bfc062723c751e8b465ee728b)  -> (artifact id: 'c6c6efd50d859c516d4e48f507b924d8') in 0.006367 seconds
  Import took 0.010355 seconds .

========================================================================
Received Import Request.
  Time since last request: 0.000772 seconds.
  path: Assets/Scripts/Player/PlayerInputActions.inputactions
  artifactKey: Guid(ee57e0d4fbe6ed042bd717139f8c054d) Importer(815301076,1909f56bfc062723c751e8b465ee728b)
Start importing Assets/Scripts/Player/PlayerInputActions.inputactions using Guid(ee57e0d4fbe6ed042bd717139f8c054d) Importer(815301076,1909f56bfc062723c751e8b465ee728b)  -> (artifact id: '6f1d9acb37a94ca9aa44c63a9ee828e3') in 0.043989 seconds
  Import took 0.047476 seconds .

========================================================================
Received Import Request.
  Time since last request: 0.000981 seconds.
  path: Assets/Scripts/Player/PlayerScript.cs
  artifactKey: Guid(1c5a312eec7bbbd4cbb2740d9a7d572b) Importer(815301076,1909f56bfc062723c751e8b465ee728b)
Start importing Assets/Scripts/Player/PlayerScript.cs using Guid(1c5a312eec7bbbd4cbb2740d9a7d572b) Importer(815301076,1909f56bfc062723c751e8b465ee728b)  -> (artifact id: '206d890675b5ac4df9a992f6159d7499') in 0.014210 seconds
  Import took 0.017460 seconds .

========================================================================
Received Import Request.
  Time since last request: 6.090045 seconds.
  path: Assets/Scripts/Player/PlayerInputActions.cs
  artifactKey: Guid(9f2e10fabf0c7ef4486a4f50c32c5105) Importer(815301076,1909f56bfc062723c751e8b465ee728b)
Start importing Assets/Scripts/Player/PlayerInputActions.cs using Guid(9f2e10fabf0c7ef4486a4f50c32c5105) Importer(815301076,1909f56bfc062723c751e8b465ee728b)  -> (artifact id: '3a86279bfd4c3ed96a0d352db506889c') in 0.003087 seconds
  Import took 0.009236 seconds .

========================================================================
Received Import Request.
  Time since last request: 0.607733 seconds.
  path: Assets/Scripts/Player/IPlayerInput.cs
  artifactKey: Guid(ac57fb9de6f83de48beb38be2d66ded0) Importer(815301076,1909f56bfc062723c751e8b465ee728b)
Start importing Assets/Scripts/Player/IPlayerInput.cs using Guid(ac57fb9de6f83de48beb38be2d66ded0) Importer(815301076,1909f56bfc062723c751e8b465ee728b)  -> (artifact id: '67e6d0f5da6c1cc3bd69a4debbcc283c') in 0.008817 seconds
  Import took 0.013310 seconds .

========================================================================
Received Import Request.
  Time since last request: 0.392164 seconds.
  path: Assets/Scripts/Player/_PlayerActions.cs
  artifactKey: Guid(354a5a4eff2935840b7f395a52a7e717) Importer(815301076,1909f56bfc062723c751e8b465ee728b)
Start importing Assets/Scripts/Player/_PlayerActions.cs using Guid(354a5a4eff2935840b7f395a52a7e717) Importer(815301076,1909f56bfc062723c751e8b465ee728b)  -> (artifact id: 'a2b2c1c13833c79acf152bc106f17479') in 0.005446 seconds
  Import took 0.009413 seconds .

========================================================================
Received Prepare
Refreshing native plugins compatible for Editor in 2.63 ms, found 1 plugins.
Preloading 0 native plugins for Editor in 0.00 ms.
Unloading 5 Unused Serialized files (Serialized files now loaded: 0)
System memory in use before: 55.6 MB.
System memory in use after: 55.7 MB.

Unloading 5 unused Assets to reduce memory usage. Loaded Objects now: 2689.
Total: 4.456500 ms (FindLiveObjects: 0.468000 ms CreateObjectMapping: 0.224600 ms MarkObjects: 3.731300 ms  DeleteObjects: 0.030900 ms)

AssetImportWorkerClient::OnTransportError - code=2 error=End of file
